4.1.10.yxswhg.com
mwkkkhzzccccggyuu000.2cm.us
hc85bbt.us.44yy66.net.kk88ss.com
zc66.pw
b2.atv9.us
11.ft3.cc
zhongcaiwang.mf6h.net
mbzl.net
gbwz.info
999.wap798.biz
hcbbt.66us.kk88ss.com
91730zj3w87.wapzj.pw
7wap.pw
6hc.mn
zj916888123.wapzj.pw
189389.com
cy6hw.com
zl.xg9l.com
9z30j31ww3.zjwap.pw
4.1.25.zjywn.cn
49wap.pw
zxzok.com
836878.com.txbb.us
zkbms.com
wap.1595.org
wap.waptx.cn
30z7j3v1.wapzj.pw
wap228.info
zyz44.com
baishi.wcwz.info
wap0066.com
48s.biz
4.1.12.yxswhg.com
9130zj37z8bmww3.zjwap.pw
22.hhcchh.com
91307zj3w8.wapzj.pw
1213141516.com
66hhcc.cc
238.49wapwap.pw
txc.txy8.us
66.www.sjdh.ca
pp.22jw.cc
xxyx.us
wap686.org
bowap3.net
k99.tv
8qq.bz
wap008521333.pw
2014.22cc.pw
86.cy1234.net
zyz00.com
k.1gf.me
www.55wap.us
9130zj33bmw99886768.zjwap.pw
9hcc.tv
2378.eu
49biz.biz
wcwz.info
91307zj3v1.wapzj.pw
930zj8ccc1w7w3.zjwap.pw
58886888.588688788.com
v88.txc6.us
yll.tpym.info
4.1.16.yxswhg.com
zyz66.com
zl1.txy9.us
bb5565ie32t4237546.wap798.biz
8hh.cc
gao168.org
ym.txac.info
4.1.9.yxswhg.com
49s.biz
wapml.org
783855.com
199wap.pw
vip5.txc9.us
zj23.wapzj.pw
abc.6vvvv.net
4.1.5.yxswhg.com
wap0055.com
6hh.6hmf.net
8kk.tv
mfzlw.com
11.icyifc.com
108.186.208.26
zzyz.cc
zzyz.us
gsbtw.com
d99.bz
t4.txc6.us
358779.com
xg7899.com
mcp49.com
2012.22cc.pw
4hz.me
808770.com
4.1.14.yxswhg.com
6ccp.pw
6.21cnzj.net
4.1.1.yxswhg.com
a.edns.us
4.1.3.yxswhg.com
v.hkvip8.us
www.136hk.com
www.236523.com
1hcc.tv
aaa.88nm.cc
aarrwz88bb.fcdh1.info
wmp.jbwz.us
88cy.cc
k6789.pw
zl49.info
jbwz.us
zl48.info
b3.atv9.us
4.1.4.yxswhg.com
99.txbb.kk88ss.com
4.1.17.yxswhg.com
wap008521888.us
fc.817588.com
8k8.tv
77hh.77hh.pw
bccbcc.net
98hk.org
f.aaycc.com
abc123.wap169.info
218218.pw
wo.wjdhz.info
91730z6j3v17.wapzj.pw
jao88.com
wap.wapyl.us.txbb.us
fcdh1.info
hk66.in
2223.hk.11s.com.kk88ss.com
yyy.hkvip8.us
wap.c10086c.com
pi5m.com
bm63740.com.44yy66.net.kk88ss.com
604.22cc.pw
4.1.30.ksdlg.cn
zolhc.biz
hhkk.me
ftwzdh.com
xc6.me
www.79hk.com
zolhc.com
7hk.tv
aaa.nm88.cc
2.wrere4454fd.com
m.8ccp.net
ys6h.net
wass.wapss.pw
ucwap.biz
49l.us
acbb1.mfzl.info
666789.pw
zxzok.net
hk.wap138.in
884844.net
d89.me
b11.atv9.us
49ok7.net
bcz49.us
wap.588688788.com
808790.com
77aashtebesjte5y3.granite-stonetile.com
4.1.13.yxswhg.com
3gdh.org
3bm6w9zj8.zjwap.pw
link.wap228.info
90530.net
fw0008.com
44hk.org
91730z6j3c181.wapzj.pw
4.1.2.yxswhg.com
3cp.tv
bzw.tw
4.1.8.yxswhg.com
2qq.bz
30z7j3w8.wapzj.pw
baid88.wap168.info
zl77.txy7.us
77hk.net
wj49.pw
zyz11.com
svsok.net
49wap.biz
8kk.me
www.baidu.com.c25.cc
55609.us.67.hk.788.kv66kv.com
bxzwap.com
aa88yuktr43535y45.lydeheng.net
3hcc.tv
4.1.15.yxswhg.com
x5.sanm.info
xxyx.cc
5qq.bz
6htvs.com
4.1.7.yxswhg.com
5hk.tv
gbccc2.gbwz.info
3zj3.zjwap.pw
199wap.net
hkzl.cc
wfbm.pw
1392345.com
23506.hjk.44yy66.net.kv66kv.com
4.1.20.yxswhg.com
30z7j3c181.wapzj.pw
1.tx7.us
km.bm135.com
2cp.tv
7.21cnzj.net
baoma.16855555.com
ct55.in
91307zj3c181.wapzj.pw
yyy.6hatv.biz
asp1.tx66.us
49c.tv
603.22cc.pw
4.1.6.yxswhg.com
19BIZ.BIZ
49ok7.com
waptx.cn
6cccc.net
085259.com.kv66kv.com
wapdq.cc
4.1.18.yxswhg.com
666678.pw
4.1.16.xgylhm.com
jdb.ks22tk.net
sm49.info
www.585.hk
4448.eu
www.baidu.com.kk88ss.com
wapwzf.in
999789.eu
4.1.19.xgylhm.com
36226.net.liuhe.com.kk88ss.com
aa44yy66.kv66kv.com
4.1.19.yxswhg.com
826826.pw
568.49wapwap.pw
198.2.218.135
khxkdzjfjjgkcgc.2cm.us
cy.ccyy.tv
6.6tkss.us
4qq.bz
7997.eu
s6cp.net
82688.net
6h866.com
4.1.11.yxswhg.com
49l.biz
wapdgdgdf.pw
5hz.me
wap.mf6h.net
tu.77hh.pw
